[akunito@nixosaku:~/.dotfiles]$ sudo nixos-rebuild switch --flake ~/.dotfiles -v
$ sudo cat /proc/sys/kernel/hostname
$ nix --extra-experimental-features nix-command flakes build --out-link /tmp/nixos-rebuild.wKAgpG/nixos-rebuild /home/akunito/.dotfiles#nixosConfigurations."nixosaku".config.system.build.nixos-rebuild -v
$ exec /nix/store/arsfa1815gv0nn5kk1r4p5wd73d78s31-nixos-rebuild/bin/nixos-rebuild switch --flake /home/akunito/.dotfiles -v
$ sudo cat /proc/sys/kernel/hostname
building the system configuration...
Building in flake mode.
$ nix --extra-experimental-features nix-command flakes build /home/akunito/.dotfiles#nixosConfigurations."nixosaku".config.system.build.toplevel -v --out-link /tmp/nixos-rebuild.u0L523/result
trace: warning: The option `services.xserver.xkbVariant' defined in `/nix/store/yzp2hm5lkdh9fcivd320zwyzj5fdf95b-source/configuration.nix' has been renamed to `services.xserver.xkb.variant'.
trace: warning: The option `services.xserver.layout' defined in `/nix/store/yzp2hm5lkdh9fcivd320zwyzj5fdf95b-source/configuration.nix' has been renamed to `services.xserver.xkb.layout'.
trace: warning: The option `services.xserver.displayManager.sddm.enable' defined in `/nix/store/yzp2hm5lkdh9fcivd320zwyzj5fdf95b-source/configuration.nix' has been renamed to `services.displayManager.sddm.enable'.
trace: warning: The option `services.xserver.displayManager.defaultSession' defined in `/nix/store/yzp2hm5lkdh9fcivd320zwyzj5fdf95b-source/configuration.nix' has been renamed to `services.displayManager.defaultSession'.
these 33 derivations will be built:
  /nix/store/2fqms513afp26fppljjxxmvnr45h8lsw-nixos-version.drv
  /nix/store/9ww96mvmxjhpyca7c4hkg0ynqh5srh8i-nixos-help.drv
  /nix/store/qlscplapwa5ha74hms8bgskd6igbbqba-nixos-help.drv
  /nix/store/09irp7kb4yys85ms1d2n3ynlqfdswhzr-system-path.drv
  /nix/store/agb7ijfw6w7kxcvp1xq3h1y6iwc9vb3l-firmware.drv
  /nix/store/n8x6cb1vb6pif4bca2f2nrlbj29yfkx5-linux-6.6.37-modules-shrunk.drv
  /nix/store/hsac5f7whdkwmrrpd9qz031g1y8csnp6-initrd-linux-6.6.37.drv
  /nix/store/0f98nvzcfpm05w8j36r3dbk4c24c8p0y-boot.json.drv
  /nix/store/v1rrw96kh7gr070jqysgcw6cfrdnqajh-desktops.drv
  /nix/store/0qc9x84krk38mka0ksxib7sz5sk7fkb2-etc-pam-environment.drv
  /nix/store/2ymd0192zh5fw8f10jckhj2vg3nrapzs-unit-accounts-daemon.service.drv
  /nix/store/r2dfpdnvbn53rirra0hw5bgrqm9lndsl-etc-os-release.drv
  /nix/store/41gl7qxqygcw4wl07cwaga0vkynmrjmb-shutdown-ramfs-contents.drv
  /nix/store/4yccvwdl5z8hxdpx189czq9d9iz9vm5w-etc-nix-registry.json.drv
  /nix/store/4yk0qlvlwpcwajvjjix3h110kxn4xhr6-system-generators.drv
  /nix/store/7q48idjyqis609vpbl4fl48jhp2fxjc9-X-Restart-Triggers-polkit.drv
  /nix/store/azy663fc3fkdm0jsz99sdn4p5yq83rhy-system-shutdown.drv
  /nix/store/ba626wdi21g0cngf6r9rrcky8afcq9np-set-environment.drv
  /nix/store/daxjlafdrd8ck3qgwbvwszylil5v2dj4-user-generators.drv
  /nix/store/dw0h9jwdhgqgs44dn1hs4aiy2h9dyjay-unit-generate-shutdown-ramfs.service.drv
  /nix/store/jdnb95hjfc1c3kjnd4i03kbakzij8rji-dbus-1.drv
  /nix/store/ai2r6khnb5xp63w68af423dniaiprgj9-X-Restart-Triggers-dbus.drv
  /nix/store/kb2g9729czd3d9x0l4v0chd671r4bly7-unit-dbus.service.drv
  /nix/store/rvxcq5bxljp0rwfa4anbvwii95z888mx-unit-polkit.service.drv
  /nix/store/dj6wsl291aaf6b1s9gcrfpwby8v9zz8f-system-units.drv
  /nix/store/kqpgxbgdnsf6yd8zm56n1whb4caym0l0-issue.drv
  /nix/store/aam7nvdxzp4d3azk3z116nxxwczxgj8b-unit-dbus.service.drv
  /nix/store/kwbvq5x6gapms3wkv1nscw5vi63mjp1q-user-units.drv
  /nix/store/ma84lkbg1d78vhfp5wgv4jnjq2qbx3yj-sddm.conf.drv
  /nix/store/p7ygp7vkpi6d2rj2390y9sq6kjbqwz2i-etc-profile.drv
  /nix/store/r07knk7mf4gw22m2x3r174fc43n3ar7l-etc-modprobe.d-firmware.conf.drv
  /nix/store/8dj1a8rnj19fx8zc0b7bw1kls2kbgf00-etc.drv
  /nix/store/zyvdcb89mqw6l8gxplb7ig86lyhp1ljx-nixos-system-nixosaku-24.11.20240709.feb2849.drv
these 33 paths will be fetched (600.41 MiB download, 974.53 MiB unpacked):
  /nix/store/6995w29adn192z7zpih0vhspvi2sa54b-amd-ucode-20240709
  /nix/store/dsvgy4pqmqf20ydfm05nw8mjzd23z7f5-baloo-5.116.0
  /nix/store/aa0wy179vywhqcar3zvg0ifry2ccnj8s-baloo-widgets-23.08.5
  /nix/store/bqk5j7sn04vfd1njsn9y4yn1gzyksljn-dolphin-23.08.5
  /nix/store/7r17yfgv0akpvdx6gcncrrs5bs0h5hrg-dolphin-plugins-23.08.5
  /nix/store/lfnla2nsxllsypnz77w0nypll4yaf99n-elisa-23.08.5
  /nix/store/szm63ck8zr67jm95wkfk6mrvzj930494-exiv2-0.28.3
  /nix/store/9aw744bfgprpwjpy2yk6adhl4k2vajzc-exiv2-0.28.3-lib
  /nix/store/s8xachhlz3vn30isxvy21h93x07b5kbn-firefox-128.0
  /nix/store/ml18xvdgs6vck5dy3gfna7g34gdqwyfk-firefox-unwrapped-128.0
  /nix/store/0v9kj5yjw7inywxm4wm0yq4rv6pasm2m-gwenview-23.08.5
  /nix/store/yziznjf33kszhbkagl15562mpdaab7vh-kde-cli-tools-5.27.11
  /nix/store/7zgg1g5hgvcbzlcj4l61pfj6snb1fz77-kdegraphics-thumbnailers-23.08.5
  /nix/store/5l91yljnh4arxmywkgyy5cx1n93vj52q-kdeplasma-addons-5.27.11
  /nix/store/gbrsy2g2rjjf9irclqs7jga0hbkc3v4x-kfilemetadata-5.116.0
  /nix/store/ck2mgcaw6j3662z8fr2yvfk3x3vwc3y0-kfilemetadata-5.116.0-bin
  /nix/store/2bra2rdv84p239gs8j4ncrxqyf2v1w07-khotkeys-5.27.11
  /nix/store/57hv18v0fkdcsi5i0gnwmgjjb0xalbfi-khotkeys-5.27.11-bin
  /nix/store/sgp62dn123b393bj5f1ls26bpzzyc3w3-kinfocenter-5.27.11
  /nix/store/3hkzqz2g8q96b8a4wi1b3gfq6hx3f747-kio-extras-23.08.5
  /nix/store/mcg41pv47cg2qlgly14mdvrz8q3v72k1-kmenuedit-5.27.11
  /nix/store/l80khgxm8g0ycdi9xgn5xg7b7017s2jl-libkexiv2-23.08.5
  /nix/store/1hmbi8hhdvj6xyl8jqragr1gn5dbl6xw-linux-firmware-20240709-zstd
  /nix/store/ym8bhhqm1qcmmf8zd6v12j8lcxkf03ml-nixos-configuration-reference-manpage
  /nix/store/wrh4ip9nsnn2n8gm57spk5fd95xfrlip-nixos-manual-html
  /nix/store/9rz7zxf6hxaa33d4hlsbvy4gwswcyh2y-okular-23.08.5
  /nix/store/98ams5z0lhc98spdzkfilsh8absfy47a-plasma-browser-integration-5.27.11
  /nix/store/3skzdkr0b7hspnj098r52gyyzpqmck3r-plasma-desktop-5.27.11
  /nix/store/4wrmzyr1ac848mcah6q0jxj9i9da3g2f-plasma-workspace-5.27.11.1
  /nix/store/c0f28cfpcx8hwv8ydxb2gv9lhy8186rb-powerdevil-5.27.11
  /nix/store/5laqpavr7h9jgcrq28xlj8cxzfpck1wr-systemsettings-5.27.11
  /nix/store/fqfi4m9b3y4j78qdfylij5bsw4412gld-systemsettings-5.27.11-bin
  /nix/store/v9kzxgb441mdb0yhmvmy0zbsil8klwqm-xdg-desktop-portal-kde-5.27.11
copying path '/nix/store/1hmbi8hhdvj6xyl8jqragr1gn5dbl6xw-linux-firmware-20240709-zstd' from 'https://cache.nixos.org'...
copying path '/nix/store/ym8bhhqm1qcmmf8zd6v12j8lcxkf03ml-nixos-configuration-reference-manpage' from 'https://cache.nixos.org'...
copying path '/nix/store/wrh4ip9nsnn2n8gm57spk5fd95xfrlip-nixos-manual-html' from 'https://cache.nixos.org'...
copying path '/nix/store/6995w29adn192z7zpih0vhspvi2sa54b-amd-ucode-20240709' from 'https://cache.nixos.org'...
copying path '/nix/store/5l91yljnh4arxmywkgyy5cx1n93vj52q-kdeplasma-addons-5.27.11' from 'https://cache.nixos.org'...
building '/nix/store/4yccvwdl5z8hxdpx189czq9d9iz9vm5w-etc-nix-registry.json.drv'...
building '/nix/store/r2dfpdnvbn53rirra0hw5bgrqm9lndsl-etc-os-release.drv'...
building '/nix/store/kqpgxbgdnsf6yd8zm56n1whb4caym0l0-issue.drv'...
building '/nix/store/2fqms513afp26fppljjxxmvnr45h8lsw-nixos-version.drv'...
copying path '/nix/store/9aw744bfgprpwjpy2yk6adhl4k2vajzc-exiv2-0.28.3-lib' from 'https://cache.nixos.org'...
copying path '/nix/store/ml18xvdgs6vck5dy3gfna7g34gdqwyfk-firefox-unwrapped-128.0' from 'https://cache.nixos.org'...
copying path '/nix/store/gbrsy2g2rjjf9irclqs7jga0hbkc3v4x-kfilemetadata-5.116.0' from 'https://cache.nixos.org'...
copying path '/nix/store/5laqpavr7h9jgcrq28xlj8cxzfpck1wr-systemsettings-5.27.11' from 'https://cache.nixos.org'...
building '/nix/store/41gl7qxqygcw4wl07cwaga0vkynmrjmb-shutdown-ramfs-contents.drv'...
building '/nix/store/dw0h9jwdhgqgs44dn1hs4aiy2h9dyjay-unit-generate-shutdown-ramfs.service.drv'...
building '/nix/store/9ww96mvmxjhpyca7c4hkg0ynqh5srh8i-nixos-help.drv'...
copying path '/nix/store/szm63ck8zr67jm95wkfk6mrvzj930494-exiv2-0.28.3' from 'https://cache.nixos.org'...
copying path '/nix/store/l80khgxm8g0ycdi9xgn5xg7b7017s2jl-libkexiv2-23.08.5' from 'https://cache.nixos.org'...
copying path '/nix/store/ck2mgcaw6j3662z8fr2yvfk3x3vwc3y0-kfilemetadata-5.116.0-bin' from 'https://cache.nixos.org'...
building '/nix/store/qlscplapwa5ha74hms8bgskd6igbbqba-nixos-help.drv'...
copying path '/nix/store/dsvgy4pqmqf20ydfm05nw8mjzd23z7f5-baloo-5.116.0' from 'https://cache.nixos.org'...
copying path '/nix/store/7zgg1g5hgvcbzlcj4l61pfj6snb1fz77-kdegraphics-thumbnailers-23.08.5' from 'https://cache.nixos.org'...
copying path '/nix/store/aa0wy179vywhqcar3zvg0ifry2ccnj8s-baloo-widgets-23.08.5' from 'https://cache.nixos.org'...
copying path '/nix/store/lfnla2nsxllsypnz77w0nypll4yaf99n-elisa-23.08.5' from 'https://cache.nixos.org'...
copying path '/nix/store/bqk5j7sn04vfd1njsn9y4yn1gzyksljn-dolphin-23.08.5' from 'https://cache.nixos.org'...
copying path '/nix/store/0v9kj5yjw7inywxm4wm0yq4rv6pasm2m-gwenview-23.08.5' from 'https://cache.nixos.org'...
copying path '/nix/store/3hkzqz2g8q96b8a4wi1b3gfq6hx3f747-kio-extras-23.08.5' from 'https://cache.nixos.org'...
copying path '/nix/store/9rz7zxf6hxaa33d4hlsbvy4gwswcyh2y-okular-23.08.5' from 'https://cache.nixos.org'...
copying path '/nix/store/4wrmzyr1ac848mcah6q0jxj9i9da3g2f-plasma-workspace-5.27.11.1' from 'https://cache.nixos.org'...
copying path '/nix/store/7r17yfgv0akpvdx6gcncrrs5bs0h5hrg-dolphin-plugins-23.08.5' from 'https://cache.nixos.org'...
copying path '/nix/store/yziznjf33kszhbkagl15562mpdaab7vh-kde-cli-tools-5.27.11' from 'https://cache.nixos.org'...
copying path '/nix/store/2bra2rdv84p239gs8j4ncrxqyf2v1w07-khotkeys-5.27.11' from 'https://cache.nixos.org'...
copying path '/nix/store/98ams5z0lhc98spdzkfilsh8absfy47a-plasma-browser-integration-5.27.11' from 'https://cache.nixos.org'...
copying path '/nix/store/3skzdkr0b7hspnj098r52gyyzpqmck3r-plasma-desktop-5.27.11' from 'https://cache.nixos.org'...
copying path '/nix/store/c0f28cfpcx8hwv8ydxb2gv9lhy8186rb-powerdevil-5.27.11' from 'https://cache.nixos.org'...
copying path '/nix/store/fqfi4m9b3y4j78qdfylij5bsw4412gld-systemsettings-5.27.11-bin' from 'https://cache.nixos.org'...
copying path '/nix/store/v9kzxgb441mdb0yhmvmy0zbsil8klwqm-xdg-desktop-portal-kde-5.27.11' from 'https://cache.nixos.org'...
building '/nix/store/v1rrw96kh7gr070jqysgcw6cfrdnqajh-desktops.drv'...
building '/nix/store/0qc9x84krk38mka0ksxib7sz5sk7fkb2-etc-pam-environment.drv'...
building '/nix/store/ma84lkbg1d78vhfp5wgv4jnjq2qbx3yj-sddm.conf.drv'...
building '/nix/store/ba626wdi21g0cngf6r9rrcky8afcq9np-set-environment.drv'...
copying path '/nix/store/sgp62dn123b393bj5f1ls26bpzzyc3w3-kinfocenter-5.27.11' from 'https://cache.nixos.org'...
building '/nix/store/4yk0qlvlwpcwajvjjix3h110kxn4xhr6-system-generators.drv'...
building '/nix/store/azy663fc3fkdm0jsz99sdn4p5yq83rhy-system-shutdown.drv'...
building '/nix/store/daxjlafdrd8ck3qgwbvwszylil5v2dj4-user-generators.drv'...
building '/nix/store/p7ygp7vkpi6d2rj2390y9sq6kjbqwz2i-etc-profile.drv'...
copying path '/nix/store/57hv18v0fkdcsi5i0gnwmgjjb0xalbfi-khotkeys-5.27.11-bin' from 'https://cache.nixos.org'...
copying path '/nix/store/mcg41pv47cg2qlgly14mdvrz8q3v72k1-kmenuedit-5.27.11' from 'https://cache.nixos.org'...
copying path '/nix/store/s8xachhlz3vn30isxvy21h93x07b5kbn-firefox-128.0' from 'https://cache.nixos.org'...
building '/nix/store/09irp7kb4yys85ms1d2n3ynlqfdswhzr-system-path.drv'...
building '/nix/store/7q48idjyqis609vpbl4fl48jhp2fxjc9-X-Restart-Triggers-polkit.drv'...
building '/nix/store/jdnb95hjfc1c3kjnd4i03kbakzij8rji-dbus-1.drv'...
building '/nix/store/2ymd0192zh5fw8f10jckhj2vg3nrapzs-unit-accounts-daemon.service.drv'...
building '/nix/store/rvxcq5bxljp0rwfa4anbvwii95z888mx-unit-polkit.service.drv'...
building '/nix/store/ai2r6khnb5xp63w68af423dniaiprgj9-X-Restart-Triggers-dbus.drv'...
building '/nix/store/aam7nvdxzp4d3azk3z116nxxwczxgj8b-unit-dbus.service.drv'...
building '/nix/store/kb2g9729czd3d9x0l4v0chd671r4bly7-unit-dbus.service.drv'...
building '/nix/store/kwbvq5x6gapms3wkv1nscw5vi63mjp1q-user-units.drv'...
building '/nix/store/dj6wsl291aaf6b1s9gcrfpwby8v9zz8f-system-units.drv'...
building '/nix/store/agb7ijfw6w7kxcvp1xq3h1y6iwc9vb3l-firmware.drv'...
building '/nix/store/r07knk7mf4gw22m2x3r174fc43n3ar7l-etc-modprobe.d-firmware.conf.drv'...
building '/nix/store/n8x6cb1vb6pif4bca2f2nrlbj29yfkx5-linux-6.6.37-modules-shrunk.drv'...
building '/nix/store/8dj1a8rnj19fx8zc0b7bw1kls2kbgf00-etc.drv'...
building '/nix/store/hsac5f7whdkwmrrpd9qz031g1y8csnp6-initrd-linux-6.6.37.drv'...
building '/nix/store/0f98nvzcfpm05w8j36r3dbk4c24c8p0y-boot.json.drv'...
building '/nix/store/zyvdcb89mqw6l8gxplb7ig86lyhp1ljx-nixos-system-nixosaku-24.11.20240709.feb2849.drv'...
$ sudo nix-env -p /nix/var/nix/profiles/system --set /nix/store/fyfxfhdvz30l0f4jaxcpmq63f5xsxizf-nixos-system-nixosaku-24.11.20240709.feb2849
$ sudo systemd-run -E LOCALE_ARCHIVE -E NIXOS_INSTALL_BOOTLOADER= --collect --no-ask-password --pipe --quiet --same-dir --service-type=exec --unit=nixos-rebuild-switch-to-configuration --wait true
Using systemd-run to switch configuration.
$ sudo systemd-run -E LOCALE_ARCHIVE -E NIXOS_INSTALL_BOOTLOADER= --collect --no-ask-password --pipe --quiet --same-dir --service-type=exec --unit=nixos-rebuild-switch-to-configuration --wait /nix/store/fyfxfhdvz30l0f4jaxcpmq63f5xsxizf-nixos-system-nixosaku-24.11.20240709.feb2849/bin/switch-to-configuration switch
stopping the following units: accounts-daemon.service
activating the configuration...
setting up /etc...
reloading user units for akunito...
/home/akunito/.profile: line 1: /etc/profiles/per-user/akunito/etc/profile.d/hm-session-vars.sh: No such file or directory
restarting sysinit-reactivation.target
reloading the following units: dbus.service
restarting the following units: polkit.service
starting the following units: accounts-daemon.service
